<?xml version="1.0" encoding="UTF-8"?>
<!-- Generated by org.testng.reporters.JUnitXMLReporter -->
<testsuite hostname="Dima-PC" name="Search on Firefox" tests="5" failures="0" timestamp="15 Oct 2014 15:45:49 GMT" time="240.607" errors="0">
  <testcase name="testDiceSearch" time="79.722" classname="com.TestNG.JobSearch.DiceSearch"/>
  <testcase name="testCareerbuilderSearch" time="29.494" classname="com.TestNG.JobSearch.CareerbuilderSearch"/>
  <testcase name="testLinkedIn" time="26.903" classname="com.TestNG.JobSearch.LinkedInSearch"/>
  <testcase name="testMonsterSearch" time="35.384" classname="com.TestNG.JobSearch.MonsterSearch"/>
  <testcase name="testMonsterSearchTwo" time="34.25" classname="com.TestNG.JobSearch.MonsterSearchTwo"/>
</testsuite> <!-- Search on Firefox -->
