<html>
<head>
<title>TestNG:  Search on Chrome</title>
<link href="../testng.css" rel="stylesheet" type="text/css" />
<link href="../my-testng.css" rel="stylesheet" type="text/css" />

<style type="text/css">
.log { display: none;} 
.stack-trace { display: none;} 
</style>
<script type="text/javascript">
<!--
function flip(e) {
  current = e.style.display;
  if (current == 'block') {
    e.style.display = 'none';
    return 0;
  }
  else {
    e.style.display = 'block';
    return 1;
  }
}

function toggleBox(szDivId, elem, msg1, msg2)
{
  var res = -1;  if (document.getElementById) {
    res = flip(document.getElementById(szDivId));
  }
  else if (document.all) {
    // this is the way old msie versions work
    res = flip(document.all[szDivId]);
  }
  if(elem) {
    if(res == 0) elem.innerHTML = msg1; else elem.innerHTML = msg2;
  }

}

function toggleAllBoxes() {
  if (document.getElementsByTagName) {
    d = document.getElementsByTagName('div');
    for (i = 0; i < d.length; i++) {
      if (d[i].className == 'log') {
        flip(d[i]);
      }
    }
  }
}

// -->
</script>

</head>
<body>
<h2 align='center'>Search on Chrome</h2><table border='1' align="center">
<tr>
<td>Tests passed/Failed/Skipped:</td><td>0/0/5</td>
</tr><tr>
<td>Started on:</td><td>Thu Dec 18 11:07:51 CST 2014</td>
</tr>
<tr><td>Total time:</td><td>0 seconds (140 ms)</td>
</tr><tr>
<td>Included groups:</td><td></td>
</tr><tr>
<td>Excluded groups:</td><td></td>
</tr>
</table><p/>
<small><i>(Hover the method name to see the test class name)</i></small><p/>
<table width='100%' border='1' class='invocation-failed'>
<tr><td colspan='4' align='center'><b>FAILED CONFIGURATIONS</b></td></tr>
<tr><td><b>Test method</b></td>
<td width="30%"><b>Exception</b></td>
<td width="10%"><b>Time (seconds)</b></td>
<td><b>Instance</b></td>
</tr>
<tr>
<td title='com.TestNG.JobSearch.DiceSearch.openBroswer()'><b>openBroswer</b><br>Test class: com.TestNG.JobSearch.DiceSearch<br>Parameters: GH</td>
<td><div><pre>java.lang.IllegalStateException: The driver executable does not exist: c:\Users\Dima\workspace\chromedriver.exe
	at com.google.common.base.Preconditions.checkState(Preconditions.java:177)
	at org.openqa.selenium.remote.service.DriverService.checkExecutable(DriverService.java:117)
	at org.openqa.selenium.remote.service.DriverService.findExecutable(DriverService.java:112)
	at org.openqa.selenium.chrome.ChromeDriverService.createDefaultService(ChromeDriverService.java:89)
	at org.openqa.selenium.chrome.ChromeDriver.&lt;init&gt;(ChromeDriver.java:117)
	at com.TestNG.JobSearch.Browser.openBroswer(Browser.java:29)
	at java.util.concurrent.FutureTask.run(Unknown Source)
	at java.util.concurrent.ThreadPoolExecutor.runWorker(Unknown Source)
	at java.util.concurrent.ThreadPoolExecutor$Worker.run(Unknown Source)
	at java.lang.Thread.run(Unknown Source)
... Removed 18 stack frames</pre></div><a href='#' onClick='toggleBox("stack-trace1252167110", this, "Click to show all stack frames", "Click to hide stack frames")'>Click to show all stack frames</a>
<div class='stack-trace' id='stack-trace1252167110'><pre>java.lang.IllegalStateException: The driver executable does not exist: c:\Users\Dima\workspace\chromedriver.exe
	at com.google.common.base.Preconditions.checkState(Preconditions.java:177)
	at org.openqa.selenium.remote.service.DriverService.checkExecutable(DriverService.java:117)
	at org.openqa.selenium.remote.service.DriverService.findExecutable(DriverService.java:112)
	at org.openqa.selenium.chrome.ChromeDriverService.createDefaultService(ChromeDriverService.java:89)
	at org.openqa.selenium.chrome.ChromeDriver.&lt;init&gt;(ChromeDriver.java:117)
	at com.TestNG.JobSearch.Browser.openBroswer(Browser.java:29)
	at sun.reflect.NativeMethodAccessorImpl.invoke0(Native Method)
	at sun.reflect.NativeMethodAccessorImpl.invoke(Unknown Source)
	at sun.reflect.DelegatingMethodAccessorImpl.invoke(Unknown Source)
	at java.lang.reflect.Method.invoke(Unknown Source)
	at org.testng.internal.MethodInvocationHelper.invokeMethod(MethodInvocationHelper.java:84)
	at org.testng.internal.Invoker.invokeConfigurationMethod(Invoker.java:564)
	at org.testng.internal.Invoker.invokeConfigurations(Invoker.java:213)
	at org.testng.internal.Invoker.invokeMethod(Invoker.java:653)
	at org.testng.internal.Invoker.invokeTestMethod(Invoker.java:901)
	at org.testng.internal.Invoker.invokeTestMethods(Invoker.java:1231)
	at org.testng.internal.TestMethodWorker.invokeTestMethods(TestMethodWorker.java:127)
	at org.testng.internal.TestMethodWorker.run(TestMethodWorker.java:111)
	at org.testng.TestRunner.privateRun(TestRunner.java:767)
	at org.testng.TestRunner.run(TestRunner.java:617)
	at org.testng.SuiteRunner.runTest(SuiteRunner.java:334)
	at org.testng.SuiteRunner.access$000(SuiteRunner.java:37)
	at org.testng.SuiteRunner$SuiteWorker.run(SuiteRunner.java:368)
	at org.testng.internal.thread.ThreadUtil$2.call(ThreadUtil.java:64)
	at java.util.concurrent.FutureTask.run(Unknown Source)
	at java.util.concurrent.ThreadPoolExecutor.runWorker(Unknown Source)
	at java.util.concurrent.ThreadPoolExecutor$Worker.run(Unknown Source)
	at java.lang.Thread.run(Unknown Source)
</pre></div></td>
<td>0</td>
<td>com.TestNG.JobSearch.DiceSearch@1458e1cc</td></tr>
</table><p>
<table width='100%' border='1' class='invocation-skipped'>
<tr><td colspan='4' align='center'><b>SKIPPED CONFIGURATIONS</b></td></tr>
<tr><td><b>Test method</b></td>
<td width="30%"><b>Exception</b></td>
<td width="10%"><b>Time (seconds)</b></td>
<td><b>Instance</b></td>
</tr>
<tr>
<td title='com.TestNG.JobSearch.CareerbuilderSearch.openBroswer()'><b>openBroswer</b><br>Test class: com.TestNG.JobSearch.CareerbuilderSearch</td>
<td></td>
<td>0</td>
<td>com.TestNG.JobSearch.CareerbuilderSearch@9da63c3</td></tr>
<tr>
<td title='com.TestNG.JobSearch.LinkedInSearch.openBroswer()'><b>openBroswer</b><br>Test class: com.TestNG.JobSearch.LinkedInSearch</td>
<td></td>
<td>0</td>
<td>com.TestNG.JobSearch.LinkedInSearch@3df6c65c</td></tr>
<tr>
<td title='com.TestNG.JobSearch.MonsterSearch.openBroswer()'><b>openBroswer</b><br>Test class: com.TestNG.JobSearch.MonsterSearch</td>
<td></td>
<td>0</td>
<td>com.TestNG.JobSearch.MonsterSearch@57502283</td></tr>
<tr>
<td title='com.TestNG.JobSearch.MonsterSearchTwo.openBroswer()'><b>openBroswer</b><br>Test class: com.TestNG.JobSearch.MonsterSearchTwo</td>
<td></td>
<td>0</td>
<td>com.TestNG.JobSearch.MonsterSearchTwo@4b5ed12c</td></tr>
</table><p>
<table width='100%' border='1' class='invocation-skipped'>
<tr><td colspan='4' align='center'><b>SKIPPED TESTS</b></td></tr>
<tr><td><b>Test method</b></td>
<td width="30%"><b>Exception</b></td>
<td width="10%"><b>Time (seconds)</b></td>
<td><b>Instance</b></td>
</tr>
<tr>
<td title='com.TestNG.JobSearch.CareerbuilderSearch.testCareerbuilderSearch()'><b>testCareerbuilderSearch</b><br>Test class: com.TestNG.JobSearch.CareerbuilderSearch</td>
<td></td>
<td>0</td>
<td>com.TestNG.JobSearch.CareerbuilderSearch@9da63c3</td></tr>
<tr>
<td title='com.TestNG.JobSearch.DiceSearch.testDiceSearch()'><b>testDiceSearch</b><br>Test class: com.TestNG.JobSearch.DiceSearch</td>
<td></td>
<td>0</td>
<td>com.TestNG.JobSearch.DiceSearch@1458e1cc</td></tr>
<tr>
<td title='com.TestNG.JobSearch.LinkedInSearch.testLinkedIn()'><b>testLinkedIn</b><br>Test class: com.TestNG.JobSearch.LinkedInSearch</td>
<td></td>
<td>0</td>
<td>com.TestNG.JobSearch.LinkedInSearch@3df6c65c</td></tr>
<tr>
<td title='com.TestNG.JobSearch.MonsterSearch.testMonsterSearch()'><b>testMonsterSearch</b><br>Test class: com.TestNG.JobSearch.MonsterSearch</td>
<td></td>
<td>0</td>
<td>com.TestNG.JobSearch.MonsterSearch@57502283</td></tr>
<tr>
<td title='com.TestNG.JobSearch.MonsterSearchTwo.testMonsterSearchTwo()'><b>testMonsterSearchTwo</b><br>Test class: com.TestNG.JobSearch.MonsterSearchTwo</td>
<td></td>
<td>0</td>
<td>com.TestNG.JobSearch.MonsterSearchTwo@4b5ed12c</td></tr>
</table><p>
</body>
</html>