<?xml version="1.0" encoding="UTF-8"?>
<!-- Generated by org.testng.reporters.JUnitXMLReporter -->
<testsuite hostname="Dmitry-PC" name="Search on Chrome" tests="5" failures="0" timestamp="18 Dec 2014 17:07:51 GMT" time="0.14" errors="0">
  <testcase name="@BeforeMethod openBroswer" time="0.0" classname="com.TestNG.JobSearch.DiceSearch">
    <failure type="java.lang.IllegalStateException" message="The driver executable does not exist: c:\Users\Dima\workspace\chromedriver.exe">
      <![CDATA[java.lang.IllegalStateException: The driver executable does not exist: c:\Users\Dima\workspace\chromedriver.exe
	at com.google.common.base.Preconditions.checkState(Preconditions.java:177)
	at org.openqa.selenium.remote.service.DriverService.checkExecutable(DriverService.java:117)
	at org.openqa.selenium.remote.service.DriverService.findExecutable(DriverService.java:112)
	at org.openqa.selenium.chrome.ChromeDriverService.createDefaultService(ChromeDriverService.java:89)
	at org.openqa.selenium.chrome.ChromeDriver.<init>(ChromeDriver.java:117)
	at com.TestNG.JobSearch.Browser.openBroswer(Browser.java:29)
	at java.util.concurrent.FutureTask.run(Unknown Source)
	at java.util.concurrent.ThreadPoolExecutor.runWorker(Unknown Source)
	at java.util.concurrent.ThreadPoolExecutor$Worker.run(Unknown Source)
	at java.lang.Thread.run(Unknown Source)
... Removed 18 stack frames]]>
    </failure>
  </testcase> <!-- @BeforeMethod openBroswer -->
  <testcase name="@BeforeMethod openBroswer" time="0.0" classname="com.TestNG.JobSearch.CareerbuilderSearch">
    <skipped/>
  </testcase> <!-- @BeforeMethod openBroswer -->
  <testcase name="@BeforeMethod openBroswer" time="0.0" classname="com.TestNG.JobSearch.LinkedInSearch">
    <skipped/>
  </testcase> <!-- @BeforeMethod openBroswer -->
  <testcase name="@BeforeMethod openBroswer" time="0.0" classname="com.TestNG.JobSearch.MonsterSearch">
    <skipped/>
  </testcase> <!-- @BeforeMethod openBroswer -->
  <testcase name="@BeforeMethod openBroswer" time="0.0" classname="com.TestNG.JobSearch.MonsterSearchTwo">
    <skipped/>
  </testcase> <!-- @BeforeMethod openBroswer -->
  <testcase name="testDiceSearch" time="0.001" classname="com.TestNG.JobSearch.DiceSearch">
    <skipped/>
  </testcase> <!-- testDiceSearch -->
  <testcase name="testCareerbuilderSearch" time="0.0" classname="com.TestNG.JobSearch.CareerbuilderSearch">
    <skipped/>
  </testcase> <!-- testCareerbuilderSearch -->
  <testcase name="testLinkedIn" time="0.0" classname="com.TestNG.JobSearch.LinkedInSearch">
    <skipped/>
  </testcase> <!-- testLinkedIn -->
  <testcase name="testMonsterSearch" time="0.001" classname="com.TestNG.JobSearch.MonsterSearch">
    <skipped/>
  </testcase> <!-- testMonsterSearch -->
  <testcase name="testMonsterSearchTwo" time="0.001" classname="com.TestNG.JobSearch.MonsterSearchTwo">
    <skipped/>
  </testcase> <!-- testMonsterSearchTwo -->
</testsuite> <!-- Search on Chrome -->
